<?xml version="1.0" encoding="UTF-8"?>
<!-- Generated by org.testng.reporters.JUnitReportReporter -->
<testsuite skipped="0" hostname="LAPTOP-JIAD1O3Q" name="runner.Runer" tests="10" failures="0" timestamp="2022-03-27T20:51:13 IST" time="171.392" errors="0">
  <testcase name="validCredentials" time="17.189" classname="runner.Runer"/>
  <system-out/>
  <testcase name="InvalidCredentials" time="14.664" classname="runner.Runer"/>
  <system-out/>
  <testcase name="HyderabadflatsBuy" time="14.675" classname="runner.Runer"/>
  <system-out/>
  <testcase name="BangloreflatsBuy" time="18.973" classname="runner.Runer"/>
  <system-out/>
  <testcase name="chennaiflatsRent" time="13.871" classname="runner.Runer"/>
  <system-out/>
  <testcase name="rental" time="23.011" classname="runner.Runer"/>
  <system-out/>
  <testcase name="paintingandcleaning" time="13.902" classname="runner.Runer"/>
  <system-out/>
  <testcase name="refer" time="19.119" classname="runner.Runer"/>
  <system-out/>
  <testcase name="ownerplans" time="12.391" classname="runner.Runer"/>
  <system-out/>
  <testcase name="Buyerplans" time="23.597" classname="runner.Runer"/>
  <system-out/>
</testsuite> <!-- runner.Runer -->
